<?xml version="1.0" encoding="UTF-8"?>
<!-- Generated by org.testng.reporters.JUnitReportReporter -->
<testsuite skipped="0" hostname="LAPTOP-KJ9F2MP1" name="com.library.Read_External_JSON" tests="1" failures="0" timestamp="2020-12-23T18:33:54 IST" time="5.417" errors="0">
  <testcase name="Add_book" time="5.417" classname="com.library.Read_External_JSON"/>
  <system-out/>
</testsuite> <!-- com.library.Read_External_JSON -->
