<?xml version="1.0" encoding="UTF-8"?>
<!-- Generated by org.testng.reporters.JUnitReportReporter -->
<testsuite skipped="0" hostname="LAPTOP-KJ9F2MP1" name="com.library.Library" tests="3" failures="0" timestamp="2020-12-23T16:59:43 IST" time="5.944" errors="0">
  <testcase name="Add_book" time="5.513" classname="com.library.Library"/>
  <system-out/>
  <testcase name="Add_book" time="0.248" classname="com.library.Library"/>
  <system-out/>
  <testcase name="Add_book" time="0.183" classname="com.library.Library"/>
  <system-out/>
</testsuite> <!-- com.library.Library -->
