<?xml version="1.0" encoding="UTF-8"?>
<!-- Generated by org.testng.reporters.JUnitReportReporter -->
<testsuite skipped="0" hostname="LAPTOP-KJ9F2MP1" name="com.bag_1.summation" tests="1" failures="0" timestamp="2020-12-23T15:42:07 IST" time="0.013" errors="0">
  <testcase name="sumCourse" time="0.013" classname="com.bag_1.summation"/>
  <system-out/>
</testsuite> <!-- com.bag_1.summation -->
